<?xml version="1.0" encoding="utf-8"?><testsuites name="pytest tests"><testsuite name="pytest" errors="0" failures="0" skipped="2" tests="54" time="8.329" timestamp="2026-09-07T22:34:01.312003+00:00" hostname="agent-env-855f6456-a9c7-435a-be2f-fcdc0a7ffbdb"><testcase classname="tests.backend_test.TestVisis" name="test_list_visis_admin" time="0.811" /><testcase classname="tests.backend_test.TestDocuments" name="test_list_documents" time="0.836" /><testcase classname="tests.backend_test.TestDocuments" name="test_discipline_filter" time="0.030" /><testcase classname="tests.backend_test.TestDocuments" name="test_search_filter" time="0.249" /><testcase classname="tests.backend_test.TestDocuments" name="test_document_file_cookie_auth" time="0.081" /><testcase classname="tests.backend_test.TestVisis" name="test_visibility_filter_trade" time="0.492" /><testcase classname="tests.backend_test.TestDocuments" name="test_document_file_no_auth_rejected" time="0.099" /><testcase classname="tests.backend_test.TestDocuments" name="test_document_file_query_token" time="0.497" /><testcase classname="tests.backend_test.TestVisis" name="test_get_visi" time="0.070" /><testcase classname="tests.backend_test.TestVisis" name="test_toggle_inspection_step" time="0.425" /><testcase classname="tests.backend_test.TestDocuments" name="test_documents_by_visi" time="0.139" /><testcase classname="tests.backend_test.TestVisis" name="test_task_step_requires_evidence" time="0.827" /><testcase classname="tests.backend_test.TestUserManagement" name="test_list_users_admin" time="0.070" /><testcase classname="tests.backend_test.TestUserManagement" name="test_list_users_no_auth_401" time="0.292" /><testcase classname="tests.backend_test.TestVisis" name="test_override_requires_comment" time="0.361" /><testcase classname="tests.backend_test.TestUserManagement" name="test_list_users_trade_403" time="0.412" /><testcase classname="tests.backend_test.TestUserManagement" name="test_create_grant_revoke_login_delete" time="2.095" /><testcase classname="tests.backend_test.TestPins" name="test_document_page_render" time="0.316" /><testcase classname="tests.backend_test.TestPins" name="test_document_page_no_auth_401" time="0.134" /><testcase classname="tests.backend_test.TestPins" name="test_pins_crud" time="1.404" /><testcase classname="tests.backend_test.TestUserManagement" name="test_create_user_duplicate_email" time="0.068" /><testcase classname="tests.backend_test.TestPins" name="test_create_pin_without_photo" time="0.147" /><testcase classname="tests.backend_test.TestUserManagement" name="test_admin_cannot_delete_self" time="0.103" /><testcase classname="tests.backend_test.TestAuth" name="test_login_admin" time="0.343" /><testcase classname="tests.backend_test.TestPins" name="test_pins_require_auth" time="0.331" /><testcase classname="tests.backend_test.TestAuth" name="test_login_invalid" time="0.766" /><testcase classname="tests.backend_test.TestReference" name="test_companies" time="0.043" /><testcase classname="tests.backend_test.TestReference" name="test_projects" time="0.000" /><testcase classname="tests.backend_test.TestReference" name="test_locations" time="0.720" /><testcase classname="tests.backend_test.TestReference" name="test_templates" time="0.027" /><testcase classname="tests.backend_test.TestAuth" name="test_me" time="0.025" /><testcase classname="tests.backend_test.TestAuth" name="test_trade_login" time="0.033" /><testcase classname="tests.backend_test.TestReports" name="test_summary" time="0.030" /><testcase classname="tests.backend_test.TestReports" name="test_detail" time="0.034" /><testcase classname="tests.backend_test.TestTokenRefresh" name="test_no_cookies_returns_401" time="0.103" /><testcase classname="tests.backend_test.TestReports" name="test_excel_cookie_auth" time="0.092" /><testcase classname="tests.backend_test.TestTokenRefresh" name="test_refresh_endpoint_issues_new_access_token" time="0.476" /><testcase classname="tests.backend_test.TestReports" name="test_excel_no_auth_401" time="0.269" /><testcase classname="tests.backend_test.TestThumbnails" name="test_thumb_pdf_ok_and_cached" time="0.090" /><testcase classname="tests.backend_test.TestThumbnails" name="test_thumb_image_document" time="0.063" /><testcase classname="tests.backend_test.TestThumbnails" name="test_thumb_no_auth_401" time="0.111" /><testcase classname="tests.backend_test.TestTokenRefresh" name="test_refresh_without_cookie_401" time="0.064" /><testcase classname="tests.backend_test.TestRoomsAndMisc" name="test_racf_ground_floor_has_rooms_with_visis" time="0.059" /><testcase classname="tests.backend_test.TestDashboard" name="test_dashboard" time="0.082" /><testcase classname="tests.backend_test.TestRoomsAndMisc" name="test_ila_apartments" time="0.028" /><testcase classname="tests.backend_test.TestRoomsAndMisc" name="test_misc_fixtures_visis_exist" time="0.071" /><testcase classname="tests.backend_test.TestDashboard" name="test_tracker" time="0.033" /><testcase classname="tests.backend_test.TestMilestones" name="test_list_milestones_with_progress" time="0.026"><skipped type="pytest.skip" message="No milestones seeded (acceptable per current dataset)">/app/backend/tests/backend_test.py:243: No milestones seeded (acceptable per current dataset)</skipped></testcase><testcase classname="tests.backend_test.TestMilestones" name="test_link_visi_to_milestone" time="0.067"><skipped type="pytest.skip" message="No milestones seeded">/app/backend/tests/backend_test.py:254: No milestones seeded</skipped></testcase><testcase classname="tests.backend_test.TestCreateVisi" name="test_create_visi_from_template" time="0.185" /><testcase classname="tests.backend_test.TestTradeVisibility" name="test_plumbing_only_sanitary" time="0.056" /><testcase classname="tests.backend_test.TestSeedCounts" name="test_expected_seed_counts" time="0.155" /><testcase classname="tests.backend_test.TestAttachments" name="test_upload_and_serve" time="0.654" /><testcase classname="tests.backend_test.TestTracker" name="test_tracker_columns_and_rows" time="0.034" /></testsuite></testsuites>